<?xml version="1.0" encoding="UTF-8"?>
<!-- Generated by org.testng.reporters.JUnitReportReporter -->
<testsuite hostname="DESKTOP-EHGD0N9" failures="0" tests="1" name="loginPage.submitLogin" time="9.163" errors="0" timestamp="2023-07-05T12:44:27 IST" skipped="0">
  <testcase classname="loginPage.submitLogin" name="run" time="9.163"/>
  <system-out/>
</testsuite> <!-- loginPage.submitLogin -->
