<?xml version="1.0" encoding="UTF-8"?>
<!-- Generated by org.testng.reporters.JUnitReportReporter -->
<testsuite hostname="DESKTOP-EHGD0N9" failures="0" tests="2" name="loginPage.submitLogin" time="6.316" errors="0" timestamp="2023-07-05T18:34:55 IST" skipped="0">
  <testcase classname="loginPage.submitLogin" name="error" time="5.498"/>
  <system-out/>
  <testcase classname="loginPage.submitLogin" name="run" time="0.818"/>
  <system-out/>
</testsuite> <!-- loginPage.submitLogin -->
