<?xml version="1.0" encoding="UTF-8"?>
<!-- Generated by org.testng.reporters.JUnitReportReporter -->
<testsuite hostname="DESKTOP-EHGD0N9" failures="0" tests="1" name="extentReportDemo" time="9.981" errors="0" timestamp="2023-07-05T18:40:29 IST" skipped="0">
  <testcase classname="extentReportDemo" name="inital" time="9.981"/>
  <system-out/>
</testsuite> <!-- extentReportDemo -->
